2024-05-09 02:40:10,739 - INFO - Quote entry: {'_id': ObjectId('663c68a9468030c50a200de9'), 'owner': 'dsantoli', 'text': '"test quote not allowing comments"', 'author': 'dsantoli', 'allow_comment': False}
2024-05-09 02:40:10,739 - INFO - Comments not allowed for quote: 663c68a9468030c50a200de9
2024-05-09 14:41:56,382 - INFO - All entries in the user collection:
2024-05-09 14:41:56,396 - INFO - {'_id': ObjectId('663c4c9843fab7e48d9056bf'), 'user': 'dsantoli', 'pass': '2496b5e3e3110648dd996d225aad6bc12088f312c0175f51cbb0371a5d6bd04d', 'salt': 'a0DA58b2163BAD5BCccb63C5DCE9B40A'}
2024-05-09 14:41:56,396 - INFO - {'_id': ObjectId('663c63acb378469d6f362dd1'), 'user': 'asantoli', 'pass': '4aa1345a62c4d5ebf6c5def247f5d6419dc7c7b416ec2ccdfe2716b517269a13', 'salt': 'De2b13B981e9bAFb9574Bb3F9dAcDAae'}
2024-05-09 14:41:56,398 - INFO - {'_id': ObjectId('663c644fb378469d6f362dd6'), 'user': 'test', 'pass': 'dd37441e8a19e5c6dab33c71bb2a81e2547f20602eb5a9194f8ca372b46f1149', 'salt': 'f4efC6b5AD88813Bf074Dec2fBeA6c9f'}
2024-05-09 14:42:31,252 - INFO - All quotes in the quotes collection:
2024-05-09 14:42:31,253 - INFO - {'_id': ObjectId('663c45ce733ee78cac370906'), 'text': "I'm hungry. When's lunch?", 'author': 'Dorothy', 'owner': 'Greg'}
2024-05-09 14:42:31,253 - INFO - {'_id': ObjectId('663c45ce733ee78cac370907'), 'text': 'You threw that ball. You go get it.', 'author': 'Suzy', 'owner': 'Dorothy'}
2024-05-09 14:42:31,254 - INFO - {'_id': ObjectId('663c640db378469d6f362dd4'), 'owner': 'asantoli', 'text': '"testing public quote"', 'author': 'asantoli', 'allow comments': False}
2024-05-09 14:42:31,254 - INFO - {'owner': 'dsantoli', 'text': '"testing quote allowing comments"', 'author': 'dsantoli', 'allow_comment': True, '_id': ObjectId('663d1917a7715b74bcc2ad40')}
2024-05-09 14:43:22,814 - INFO - All quotes in the quotes collection:
2024-05-09 14:43:22,816 - INFO - {'_id': ObjectId('663c45ce733ee78cac370906'), 'text': "I'm hungry. When's lunch?", 'author': 'Dorothy', 'owner': 'Greg'}
2024-05-09 14:43:22,817 - INFO - {'_id': ObjectId('663c45ce733ee78cac370907'), 'text': 'You threw that ball. You go get it.', 'author': 'Suzy', 'owner': 'Dorothy'}
2024-05-09 14:43:22,817 - INFO - {'_id': ObjectId('663c640db378469d6f362dd4'), 'owner': 'asantoli', 'text': '"testing public quote"', 'author': 'asantoli', 'allow comments': False}
2024-05-09 14:43:22,818 - INFO - {'owner': 'dsantoli', 'text': '"testing quote allowing comments"', 'author': 'dsantoli', 'allow_comment': True, '_id': ObjectId('663d1917a7715b74bcc2ad40')}
2024-05-09 14:43:22,818 - INFO - {'owner': 'dsantoli', 'text': '"testing quote not allowing quotes" ', 'author': 'dsantoli', 'allow_comment': False, '_id': ObjectId('663d194aa7715b74bcc2ad41')}
2024-05-09 14:43:47,877 - INFO - Quote entry: {'owner': 'dsantoli', 'text': '"testing quote not allowing quotes" ', 'author': 'dsantoli', 'allow_comment': False, '_id': ObjectId('663d194aa7715b74bcc2ad41')}
2024-05-09 14:43:47,878 - INFO - Comments not allowed for quote: 663d194aa7715b74bcc2ad41
2024-05-09 14:43:49,287 - INFO - Quote entry: {'owner': 'dsantoli', 'text': '"testing quote allowing comments"', 'author': 'dsantoli', 'allow_comment': True, '_id': ObjectId('663d1917a7715b74bcc2ad40')}
2024-05-09 14:43:56,905 - INFO - Quote entry after adding comment:
2024-05-09 14:43:56,905 - INFO - {'owner': 'dsantoli', 'text': '"testing quote allowing comments"', 'author': 'dsantoli', 'allow_comment': True, '_id': ObjectId('663d1917a7715b74bcc2ad40'), 'comments': [{'_id': '87b48b9c-6e4a-4e4d-a7cd-bf85a2ec2412', 'text': 'test comment 1'}]}
2024-05-09 14:43:58,634 - INFO - Quote entry: {'owner': 'dsantoli', 'text': '"testing quote allowing comments"', 'author': 'dsantoli', 'allow_comment': True, '_id': ObjectId('663d1917a7715b74bcc2ad40'), 'comments': [{'_id': '87b48b9c-6e4a-4e4d-a7cd-bf85a2ec2412', 'text': 'test comment 1'}]}
2024-05-09 14:44:02,605 - INFO - Quote entry after adding comment:
2024-05-09 14:44:02,605 - INFO - {'owner': 'dsantoli', 'text': '"testing quote allowing comments"', 'author': 'dsantoli', 'allow_comment': True, '_id': ObjectId('663d1917a7715b74bcc2ad40'), 'comments': [{'_id': '87b48b9c-6e4a-4e4d-a7cd-bf85a2ec2412', 'text': 'test comment 1'}, {'_id': '4618c554-c894-4506-b920-84d0e160b8fd', 'text': 'test comment 2'}]}
